<?xml version="1.0" encoding="UTF-8"?>
<!-- Generated by org.testng.reporters.JUnitReportReporter -->
<testsuite hostname="TDS-LP-LENOVO-166" failures="0" tests="6" name="testng.dependsongroups" time="0.072" errors="0" timestamp="2025-08-22T16:13:45 IST" skipped="0">
  <testcase classname="testng.dependsongroups" name="a" time="0.004"/>
  <testcase classname="testng.dependsongroups" name="b" time="0.008"/>
  <testcase classname="testng.dependsongroups" name="c" time="0.005"/>
  <testcase classname="testng.dependsongroups" name="real1" time="0.005"/>
  <testcase classname="testng.dependsongroups" name="real2" time="0.008"/>
  <testcase classname="testng.dependsongroups" name="D" time="0.042"/>
</testsuite> <!-- testng.dependsongroups -->
