<?xml version="1.0" encoding="UTF-8"?>
<!-- Generated by org.testng.reporters.JUnitReportReporter -->
<testsuite hostname="TDS-LP-LENOVO-166" failures="0" tests="2" name="testng.testng1" time="0.017" errors="0" timestamp="2025-08-22T15:47:06 IST" skipped="0">
  <testcase classname="testng.testng1" name="checkparam" time="0.004"/>
  <testcase classname="testng.testng1" name="newtest" time="0.013"/>
</testsuite> <!-- testng.testng1 -->
