<?xml version="1.0" encoding="UTF-8"?>
<!-- Generated by org.testng.reporters.JUnitReportReporter -->
<testsuite hostname="TDS-LP-LENOVO-166" failures="0" tests="3" name="testng.dataprovider" time="0.042" errors="0" timestamp="2025-08-22T15:47:06 IST" skipped="0">
  <testcase classname="testng.dataprovider" name="getdata" time="0.018"/>
  <testcase classname="testng.dataprovider" name="getdata" time="0.013"/>
  <testcase classname="testng.dataprovider" name="getdata" time="0.011"/>
</testsuite> <!-- testng.dataprovider -->
