<?xml version="1.0" encoding="UTF-8"?>
<!-- Generated by org.testng.reporters.JUnitReportReporter -->
<testsuite hostname="TDS-LP-LENOVO-166" failures="0" tests="4" name="testng.depends" time="0.073" errors="0" timestamp="2025-08-22T15:47:06 IST" skipped="1">
  <testcase classname="testng.depends" name="A" time="0.014"/>
  <testcase classname="testng.depends" name="B" time="0.046"/>
  <testcase classname="testng.depends" name="time" time="0.013"/>
  <testcase classname="testng.depends" name="donexecute">
    <skipped/>
  </testcase> <!-- donexecute -->
</testsuite> <!-- testng.depends -->
