<?xml version="1.0" encoding="UTF-8"?>
<!-- Generated by org.testng.reporters.JUnitReportReporter -->
<testsuite hostname="TDS-LP-LENOVO-166" failures="0" tests="3" name="testng.testngclassspetest" time="0.068" errors="0" timestamp="2025-08-21T18:06:10 IST" skipped="0">
  <testcase classname="testng.testngclassspetest" name="newone" time="0.008"/>
  <testcase classname="testng.testngclassspetest" name="skipp" time="0.006"/>
  <testcase classname="testng.testngclassspetest" name="toteinclue" time="0.054"/>
</testsuite> <!-- testng.testngclassspetest -->
