<?xml version="1.0" encoding="UTF-8"?>
<!-- Generated by org.testng.reporters.JUnitReportReporter -->
<testsuite hostname="TDS-LP-LENOVO-166" failures="0" tests="1" name="screenshot.Extentreports" time="8.003" errors="0" timestamp="2025-08-25T19:30:25 IST" skipped="0">
  <testcase classname="screenshot.Extentreports" name="logincode" time="8.003"/>
</testsuite> <!-- screenshot.Extentreports -->
